2.5933 	WARNING 	We strongly recommend you activate the PTB sound engine in PsychoPy prefs as the preferred audio engine. Its timing is vastly superior. Your prefs are currently set to use ['sounddevice', 'pyo', 'pygame'] (in that order).
15.1968 	WARNING 	User requested fullscreen with size [1024  768], but screen is actually [1920, 1080]. Using actual size
17.6422 	WARNING 	Couldn't measure a consistent frame rate!
  - Is your graphics card set to sync to vertical blank?
  - Are you running other processes on your computer?

17.6441 	EXP 	Created window1 = Window(allowGUI=False, allowStencil=False, autoLog=True, backendConf=UNKNOWN, bitsMode=UNKNOWN, blendMode='avg', bpc=(8, 8, 8), color=array([0, 0, 0]), colorSpace='rgb', depthBits=8, fullscr=<method-wrapper '__getattribute__' of attributeSetter object at 0x7f98b1bd7160>, gamma=None, gammaErrorPolicy='raise', lms=UNKNOWN, monitor=<psychopy.monitors.calibTools.Monitor object at 0x7f98b348bfd0>, multiSample=False, name='window1', numSamples=2, pos=[480.0, 270.0], screen=0, size=array([3840, 2160]), stencilBits=0, stereo=False, units='height', useFBO=True, useRetina=True, viewOri=0.0, viewPos=None, viewScale=None, waitBlanking=True, winType='pyglet')
17.6445 	EXP 	window1: mouseVisible = True
17.6446 	EXP 	window1: Attempting to measure frame rate of screen (0) ...
17.6446 	EXP 	window1: recordFrameIntervals = False
17.8090 	EXP 	window1: recordFrameIntervals = True
17.8420 	WARNING 	t of last frame was 20.76ms (=1/48)
17.8753 	WARNING 	t of last frame was 20.70ms (=1/48)
17.9086 	WARNING 	t of last frame was 20.74ms (=1/48)
17.9420 	WARNING 	t of last frame was 20.74ms (=1/48)
17.9757 	WARNING 	Multiple dropped frames have occurred - I'll stop bothering you about them!
19.4749 	WARNING 	Couldn't measure a consistent frame rate!
  - Is your graphics card set to sync to vertical blank?
  - Are you running other processes on your computer?

23.4981 	EXP 	Created Willkommen = TextStim(__class__=<class 'psychopy.visual.text.TextStim'>, alignHoriz=method-wrapper(...), alignText='center', alignVert=method-wrapper(...), anchorHoriz='center', anchorVert='center', antialias=True, autoLog=True, bold=False, color=array([1., 1., 1.]), colorSpace='rgb', contrast=1.0, depth=0.0, flipHoriz=False, flipVert=False, font='Open Sans', fontFiles=[], height=0.05, italic=False, languageStyle='LTR', name='Willkommen', opacity=1.0, ori=0.0, pos=array([0., 0.]), rgb=UNKNOWN, text=str(...), units='height', win=Window(...), wrapWidth=1)
24.0069 	EXP 	Willkommen: autoDraw = True
27.0760 	EXP 	Willkommen: autoDraw = False
27.6494 	EXP 	window1: mouseVisible = True
