1.3888 	WARNING 	We strongly recommend you activate the PTB sound engine in PsychoPy prefs as the preferred audio engine. Its timing is vastly superior. Your prefs are currently set to use ['sounddevice', 'pyo', 'pygame'] (in that order).
7.1762 	WARNING 	User requested fullscreen with size [1024  768], but screen is actually [1920, 1080]. Using actual size
9.5070 	WARNING 	Couldn't measure a consistent frame rate!
  - Is your graphics card set to sync to vertical blank?
  - Are you running other processes on your computer?

9.5076 	EXP 	Created window1 = Window(allowGUI=False, allowStencil=False, autoLog=True, backendConf=UNKNOWN, bitsMode=UNKNOWN, blendMode='avg', bpc=(8, 8, 8), color=array([0, 0, 0]), colorSpace='rgb', depthBits=8, fullscr=<method-wrapper '__getattribute__' of attributeSetter object at 0x7fd74bc99220>, gamma=None, gammaErrorPolicy='raise', lms=UNKNOWN, monitor=<psychopy.monitors.calibTools.Monitor object at 0x7fd74c905040>, multiSample=False, name='window1', numSamples=2, pos=[480.0, 270.0], screen=0, size=array([3840, 2160]), stencilBits=0, stereo=False, units='height', useFBO=True, useRetina=True, viewOri=0.0, viewPos=None, viewScale=None, waitBlanking=True, winType='pyglet')
9.5079 	EXP 	window1: mouseVisible = True
9.5080 	EXP 	window1: Attempting to measure frame rate of screen (0) ...
9.5080 	EXP 	window1: recordFrameIntervals = False
9.6731 	EXP 	window1: recordFrameIntervals = True
9.7397 	WARNING 	t of last frame was 20.51ms (=1/48)
9.7734 	WARNING 	t of last frame was 21.05ms (=1/47)
9.8072 	WARNING 	t of last frame was 21.20ms (=1/47)
9.8399 	WARNING 	t of last frame was 20.92ms (=1/47)
9.8740 	WARNING 	Multiple dropped frames have occurred - I'll stop bothering you about them!
11.3417 	WARNING 	Couldn't measure a consistent frame rate!
  - Is your graphics card set to sync to vertical blank?
  - Are you running other processes on your computer?

13.9118 	EXP 	Created Willkommen = TextStim(__class__=<class 'psychopy.visual.text.TextStim'>, alignHoriz=method-wrapper(...), alignText='center', alignVert=method-wrapper(...), anchorHoriz='center', anchorVert='center', antialias=True, autoLog=True, bold=False, color=array([1., 1., 1.]), colorSpace='rgb', contrast=1.0, depth=0.0, flipHoriz=False, flipVert=False, font='Open Sans', fontFiles=[], height=0.05, italic=False, languageStyle='LTR', name='Willkommen', opacity=1.0, ori=0.0, pos=array([0., 0.]), rgb=UNKNOWN, text=str(...), units='height', win=Window(...), wrapWidth=1)
13.9129 	EXP 	Created stimuli = TextStim(__class__=<class 'psychopy.visual.text.TextStim'>, alignHoriz=method-wrapper(...), alignText='center', alignVert=method-wrapper(...), anchorHoriz='center', anchorVert='center', antialias=True, autoLog=True, bold=False, color=array([1., 1., 1.]), colorSpace='rgb', contrast=1.0, depth=0.0, flipHoriz=False, flipVert=False, font='Open Sans', fontFiles=[], height=0.05, italic=False, languageStyle='LTR', name='stimuli', opacity=1.0, ori=0.0, pos=array([0., 0.]), rgb=UNKNOWN, text='', units='height', win=Window(...), wrapWidth=1)
13.9199 	EXP 	Created OutroText = TextStim(__class__=<class 'psychopy.visual.text.TextStim'>, alignHoriz=method-wrapper(...), alignText='center', alignVert=method-wrapper(...), anchorHoriz='center', anchorVert='center', antialias=True, autoLog=True, bold=False, color=array([1., 1., 1.]), colorSpace='rgb', contrast=1.0, depth=0.0, flipHoriz=False, flipVert=False, font='Open Sans', fontFiles=[], height=0.05, italic=False, languageStyle='LTR', name='OutroText', opacity=1.0, ori=0.0, pos=array([0., 0.]), rgb=UNKNOWN, text='Danke! \n\nTschüss.', units='height', win=Window(...), wrapWidth=1)
14.4381 	EXP 	Willkommen: autoDraw = True
16.2869 	EXP 	Imported Stimuli.xlsx as conditions, 6 conditions, 4 params
16.2906 	EXP 	Created sequence: random, trialTypes=6, nReps=1, seed=None
16.2916 	EXP 	New trial (rep=0, index=0): {'word': 'rot', 'letterColor': 'green', 'corrAns': 'down', 'congruent': 0}
16.2995 	DATA 	Keypress: space
16.3081 	EXP 	Willkommen: autoDraw = False
16.3081 	EXP 	stimuli: height = 0.05
16.3081 	EXP 	stimuli: height = 0.05
16.3081 	EXP 	stimuli: text = 'rot'
16.7841 	EXP 	stimuli: autoDraw = True
18.9096 	EXP 	New trial (rep=0, index=1): {'word': 'blau', 'letterColor': 'red', 'corrAns': 'left', 'congruent': 0}
18.9246 	DATA 	Keypress: right
18.9377 	EXP 	stimuli: autoDraw = False
18.9377 	EXP 	stimuli: height = 0.05
18.9377 	EXP 	stimuli: height = 0.05
18.9377 	EXP 	stimuli: text = 'blau'
19.4182 	EXP 	stimuli: autoDraw = True
20.6085 	EXP 	New trial (rep=0, index=2): {'word': 'grün', 'letterColor': 'blue', 'corrAns': 'right', 'congruent': 0}
20.6158 	DATA 	Keypress: left
20.6393 	EXP 	stimuli: autoDraw = False
20.6393 	EXP 	stimuli: height = 0.05
20.6393 	EXP 	stimuli: height = 0.05
20.6393 	EXP 	stimuli: text = 'grün'
21.1069 	EXP 	stimuli: autoDraw = True
21.7090 	EXP 	New trial (rep=0, index=3): {'word': 'rot', 'letterColor': 'red', 'corrAns': 'left', 'congruent': 1}
21.7142 	DATA 	Keypress: right
21.7406 	EXP 	stimuli: autoDraw = False
21.7406 	EXP 	stimuli: height = 0.05
21.7406 	EXP 	stimuli: height = 0.05
21.7406 	EXP 	stimuli: text = 'rot'
22.2045 	EXP 	stimuli: autoDraw = True
22.9065 	EXP 	New trial (rep=0, index=4): {'word': 'grün', 'letterColor': 'green', 'corrAns': 'down', 'congruent': 1}
22.9095 	DATA 	Keypress: left
22.9175 	EXP 	stimuli: autoDraw = False
22.9175 	EXP 	stimuli: height = 0.05
22.9175 	EXP 	stimuli: height = 0.05
22.9175 	EXP 	stimuli: text = 'grün'
23.4055 	EXP 	stimuli: autoDraw = True
24.1555 	EXP 	New trial (rep=0, index=5): {'word': 'blau', 'letterColor': 'blue', 'corrAns': 'right', 'congruent': 1}
24.1605 	DATA 	Keypress: right
24.1721 	EXP 	stimuli: autoDraw = False
24.1721 	EXP 	stimuli: height = 0.05
24.1721 	EXP 	stimuli: height = 0.05
24.1721 	EXP 	stimuli: text = 'blau'
24.6509 	EXP 	stimuli: autoDraw = True
25.6153 	DATA 	Keypress: right
25.6385 	EXP 	stimuli: autoDraw = False
26.1054 	EXP 	OutroText: autoDraw = True
29.1212 	EXP 	OutroText: autoDraw = False
29.1212 	EXP 	OutroText: autoDraw = False
29.7212 	EXP 	window1: mouseVisible = True
